[     807ms] [ERROR] WebSocket connection to 'ws://localhost:5174/api/ws' failed: Error during WebSocket handshake: Unexpected response code: 403 @ http://localhost:5174/node_modules/.vite/deps/@stomp_stompjs.js?v=25f1e2c3:1304
[    5823ms] [ERROR] WebSocket connection to 'ws://localhost:5174/api/ws' failed: Error during WebSocket handshake: Unexpected response code: 403 @ http://localhost:5174/node_modules/.vite/deps/@stomp_stompjs.js?v=25f1e2c3:1304
[   10836ms] [ERROR] WebSocket connection to 'ws://localhost:5174/api/ws' failed: Error during WebSocket handshake: Unexpected response code: 403 @ http://localhost:5174/node_modules/.vite/deps/@stomp_stompjs.js?v=25f1e2c3:1304
[   15849ms] [ERROR] WebSocket connection to 'ws://localhost:5174/api/ws' failed: Error during WebSocket handshake: Unexpected response code: 403 @ http://localhost:5174/node_modules/.vite/deps/@stomp_stompjs.js?v=25f1e2c3:1304
[   21044ms] [ERROR] WebSocket connection to 'ws://localhost:5174/api/ws' failed: Error during WebSocket handshake: Unexpected response code: 403 @ http://localhost:5174/node_modules/.vite/deps/@stomp_stompjs.js?v=25f1e2c3:1304
[   26054ms] [ERROR] WebSocket connection to 'ws://localhost:5174/api/ws' failed: Error during WebSocket handshake: Unexpected response code: 403 @ http://localhost:5174/node_modules/.vite/deps/@stomp_stompjs.js?v=25f1e2c3:1304
[   31076ms] [ERROR] WebSocket connection to 'ws://localhost:5174/api/ws' failed: Error during WebSocket handshake: Unexpected response code: 403 @ http://localhost:5174/node_modules/.vite/deps/@stomp_stompjs.js?v=25f1e2c3:1304
[   36093ms] [ERROR] WebSocket connection to 'ws://localhost:5174/api/ws' failed: Error during WebSocket handshake: Unexpected response code: 403 @ http://localhost:5174/node_modules/.vite/deps/@stomp_stompjs.js?v=25f1e2c3:1304
[   41109ms] [ERROR] WebSocket connection to 'ws://localhost:5174/api/ws' failed: Error during WebSocket handshake: Unexpected response code: 403 @ http://localhost:5174/node_modules/.vite/deps/@stomp_stompjs.js?v=25f1e2c3:1304
[   46144ms] [ERROR] WebSocket connection to 'ws://localhost:5174/api/ws' failed: Error during WebSocket handshake: Unexpected response code: 403 @ http://localhost:5174/node_modules/.vite/deps/@stomp_stompjs.js?v=25f1e2c3:1304
[   51159ms] [ERROR] WebSocket connection to 'ws://localhost:5174/api/ws' failed: Error during WebSocket handshake: Unexpected response code: 403 @ http://localhost:5174/node_modules/.vite/deps/@stomp_stompjs.js?v=25f1e2c3:1304
[   56184ms] [ERROR] WebSocket connection to 'ws://localhost:5174/api/ws' failed: Error during WebSocket handshake: Unexpected response code: 403 @ http://localhost:5174/node_modules/.vite/deps/@stomp_stompjs.js?v=25f1e2c3:1304
[   61212ms] [ERROR] WebSocket connection to 'ws://localhost:5174/api/ws' failed: Error during WebSocket handshake: Unexpected response code: 403 @ http://localhost:5174/node_modules/.vite/deps/@stomp_stompjs.js?v=25f1e2c3:1304
[   66279ms] [ERROR] WebSocket connection to 'ws://localhost:5174/api/ws' failed: Error during WebSocket handshake: Unexpected response code: 403 @ http://localhost:5174/node_modules/.vite/deps/@stomp_stompjs.js?v=25f1e2c3:1304
[   71305ms] [ERROR] WebSocket connection to 'ws://localhost:5174/api/ws' failed: Error during WebSocket handshake: Unexpected response code: 403 @ http://localhost:5174/node_modules/.vite/deps/@stomp_stompjs.js?v=25f1e2c3:1304
[   76352ms] [ERROR] WebSocket connection to 'ws://localhost:5174/api/ws' failed: Error during WebSocket handshake: Unexpected response code: 403 @ http://localhost:5174/node_modules/.vite/deps/@stomp_stompjs.js?v=25f1e2c3:1304
[   81382ms] [ERROR] WebSocket connection to 'ws://localhost:5174/api/ws' failed: Error during WebSocket handshake: Unexpected response code: 403 @ http://localhost:5174/node_modules/.vite/deps/@stomp_stompjs.js?v=25f1e2c3:1304
[   86438ms] [ERROR] WebSocket connection to 'ws://localhost:5174/api/ws' failed: Error during WebSocket handshake: Unexpected response code: 403 @ http://localhost:5174/node_modules/.vite/deps/@stomp_stompjs.js?v=25f1e2c3:1304
[   91466ms] [ERROR] WebSocket connection to 'ws://localhost:5174/api/ws' failed: Error during WebSocket handshake: Unexpected response code: 403 @ http://localhost:5174/node_modules/.vite/deps/@stomp_stompjs.js?v=25f1e2c3:1304
[   96594ms] [ERROR] WebSocket connection to 'ws://localhost:5174/api/ws' failed: Error during WebSocket handshake: Unexpected response code: 403 @ http://localhost:5174/node_modules/.vite/deps/@stomp_stompjs.js?v=25f1e2c3:1304
[  101690ms] [ERROR] WebSocket connection to 'ws://localhost:5174/api/ws' failed: Error during WebSocket handshake: Unexpected response code: 403 @ http://localhost:5174/node_modules/.vite/deps/@stomp_stompjs.js?v=25f1e2c3:1304
[  106812ms] [ERROR] WebSocket connection to 'ws://localhost:5174/api/ws' failed: Error during WebSocket handshake: Unexpected response code: 403 @ http://localhost:5174/node_modules/.vite/deps/@stomp_stompjs.js?v=25f1e2c3:1304
[  112073ms] [ERROR] WebSocket connection to 'ws://localhost:5174/api/ws' failed: Error during WebSocket handshake: Unexpected response code: 403 @ http://localhost:5174/node_modules/.vite/deps/@stomp_stompjs.js?v=25f1e2c3:1304
[  117445ms] [ERROR] WebSocket connection to 'ws://localhost:5174/api/ws' failed: Error during WebSocket handshake: Unexpected response code: 403 @ http://localhost:5174/node_modules/.vite/deps/@stomp_stompjs.js?v=25f1e2c3:1304
[  122753ms] [ERROR] WebSocket connection to 'ws://localhost:5174/api/ws' failed: Error during WebSocket handshake: Unexpected response code: 403 @ http://localhost:5174/node_modules/.vite/deps/@stomp_stompjs.js?v=25f1e2c3:1304
[  128512ms] [ERROR] WebSocket connection to 'ws://localhost:5174/api/ws' failed: Error during WebSocket handshake: Unexpected response code: 403 @ http://localhost:5174/node_modules/.vite/deps/@stomp_stompjs.js?v=25f1e2c3:1304
[  133836ms] [ERROR] WebSocket connection to 'ws://localhost:5174/api/ws' failed: Error during WebSocket handshake: Unexpected response code: 403 @ http://localhost:5174/node_modules/.vite/deps/@stomp_stompjs.js?v=25f1e2c3:1304
[  141377ms] [ERROR] WebSocket connection to 'ws://localhost:5174/api/ws' failed: Error during WebSocket handshake: Unexpected response code: 403 @ http://localhost:5174/node_modules/.vite/deps/@stomp_stompjs.js?v=25f1e2c3:1304
[  148427ms] [ERROR] WebSocket connection to 'ws://localhost:5174/api/ws' failed: Error during WebSocket handshake: Unexpected response code: 403 @ http://localhost:5174/node_modules/.vite/deps/@stomp_stompjs.js?v=25f1e2c3:1304
[  155069ms] [ERROR] WebSocket connection to 'ws://localhost:5174/api/ws' failed: Error during WebSocket handshake: Unexpected response code: 403 @ http://localhost:5174/node_modules/.vite/deps/@stomp_stompjs.js?v=25f1e2c3:1304
[  161859ms] [ERROR] WebSocket connection to 'ws://localhost:5174/api/ws' failed: Error during WebSocket handshake: Unexpected response code: 403 @ http://localhost:5174/node_modules/.vite/deps/@stomp_stompjs.js?v=25f1e2c3:1304
[  169126ms] [ERROR] WebSocket connection to 'ws://localhost:5174/api/ws' failed: Error during WebSocket handshake: Unexpected response code: 403 @ http://localhost:5174/node_modules/.vite/deps/@stomp_stompjs.js?v=25f1e2c3:1304
[  177698ms] [ERROR] WebSocket connection to 'ws://localhost:5174/api/ws' failed: Error during WebSocket handshake: Unexpected response code: 403 @ http://localhost:5174/node_modules/.vite/deps/@stomp_stompjs.js?v=25f1e2c3:1304
[  185053ms] [ERROR] WebSocket connection to 'ws://localhost:5174/api/ws' failed: Error during WebSocket handshake: Unexpected response code: 403 @ http://localhost:5174/node_modules/.vite/deps/@stomp_stompjs.js?v=25f1e2c3:1304
[  191836ms] [ERROR] WebSocket connection to 'ws://localhost:5174/api/ws' failed: Error during WebSocket handshake: Unexpected response code: 403 @ http://localhost:5174/node_modules/.vite/deps/@stomp_stompjs.js?v=25f1e2c3:1304
[  199159ms] [ERROR] WebSocket connection to 'ws://localhost:5174/api/ws' failed: Connection closed before receiving a handshake response @ http://localhost:5174/node_modules/.vite/deps/@stomp_stompjs.js?v=25f1e2c3:1304
[  205674ms] [ERROR] WebSocket connection to 'ws://localhost:5174/api/ws' failed: Connection closed before receiving a handshake response @ http://localhost:5174/node_modules/.vite/deps/@stomp_stompjs.js?v=25f1e2c3:1304
[  212239ms] [ERROR] WebSocket connection to 'ws://localhost:5174/api/ws' failed: Connection closed before receiving a handshake response @ http://localhost:5174/node_modules/.vite/deps/@stomp_stompjs.js?v=25f1e2c3:1304
[  218450ms] [ERROR] WebSocket connection to 'ws://localhost:5174/api/ws' failed: Connection closed before receiving a handshake response @ http://localhost:5174/node_modules/.vite/deps/@stomp_stompjs.js?v=25f1e2c3:1304
[  227923ms] [ERROR] WebSocket connection to 'ws://localhost:5174/api/ws' failed: Connection closed before receiving a handshake response @ http://localhost:5174/node_modules/.vite/deps/@stomp_stompjs.js?v=25f1e2c3:1304
[  237209ms] [ERROR] WebSocket connection to 'ws://localhost:5174/api/ws' failed: Connection closed before receiving a handshake response @ http://localhost:5174/node_modules/.vite/deps/@stomp_stompjs.js?v=25f1e2c3:1304
[  246507ms] [ERROR] WebSocket connection to 'ws://localhost:5174/api/ws' failed: Connection closed before receiving a handshake response @ http://localhost:5174/node_modules/.vite/deps/@stomp_stompjs.js?v=25f1e2c3:1304
[  255542ms] [ERROR] WebSocket connection to 'ws://localhost:5174/api/ws' failed: Error during WebSocket handshake: Unexpected response code: 403 @ http://localhost:5174/node_modules/.vite/deps/@stomp_stompjs.js?v=25f1e2c3:1304
[  263651ms] [ERROR] WebSocket connection to 'ws://localhost:5174/api/ws' failed: Error during WebSocket handshake: Unexpected response code: 403 @ http://localhost:5174/node_modules/.vite/deps/@stomp_stompjs.js?v=25f1e2c3:1304
[  271826ms] [ERROR] WebSocket connection to 'ws://localhost:5174/api/ws' failed: Error during WebSocket handshake: Unexpected response code: 403 @ http://localhost:5174/node_modules/.vite/deps/@stomp_stompjs.js?v=25f1e2c3:1304
[  279995ms] [ERROR] WebSocket connection to 'ws://localhost:5174/api/ws' failed: Error during WebSocket handshake: Unexpected response code: 403 @ http://localhost:5174/node_modules/.vite/deps/@stomp_stompjs.js?v=25f1e2c3:1304
[  288970ms] [ERROR] WebSocket connection to 'ws://localhost:5174/api/ws' failed: Error during WebSocket handshake: Unexpected response code: 403 @ http://localhost:5174/node_modules/.vite/deps/@stomp_stompjs.js?v=25f1e2c3:1304
[  295741ms] [ERROR] WebSocket connection to 'ws://localhost:5174/api/ws' failed: Error during WebSocket handshake: Unexpected response code: 403 @ http://localhost:5174/node_modules/.vite/deps/@stomp_stompjs.js?v=25f1e2c3:1304
[  303080ms] [ERROR] WebSocket connection to 'ws://localhost:5174/api/ws' failed: Error during WebSocket handshake: Unexpected response code: 403 @ http://localhost:5174/node_modules/.vite/deps/@stomp_stompjs.js?v=25f1e2c3:1304
[  311516ms] [ERROR] WebSocket connection to 'ws://localhost:5174/api/ws' failed: Error during WebSocket handshake: Unexpected response code: 403 @ http://localhost:5174/node_modules/.vite/deps/@stomp_stompjs.js?v=25f1e2c3:1304
[  321200ms] [ERROR] WebSocket connection to 'ws://localhost:5174/api/ws' failed: Error during WebSocket handshake: Unexpected response code: 403 @ http://localhost:5174/node_modules/.vite/deps/@stomp_stompjs.js?v=25f1e2c3:1304
[  327935ms] [ERROR] WebSocket connection to 'ws://localhost:5174/api/ws' failed: Error during WebSocket handshake: Unexpected response code: 403 @ http://localhost:5174/node_modules/.vite/deps/@stomp_stompjs.js?v=25f1e2c3:1304
[  337455ms] [ERROR] WebSocket connection to 'ws://localhost:5174/api/ws' failed: Error during WebSocket handshake: Unexpected response code: 403 @ http://localhost:5174/node_modules/.vite/deps/@stomp_stompjs.js?v=25f1e2c3:1304
[  345501ms] [ERROR] WebSocket connection to 'ws://localhost:5174/api/ws' failed: Error during WebSocket handshake: Unexpected response code: 403 @ http://localhost:5174/node_modules/.vite/deps/@stomp_stompjs.js?v=25f1e2c3:1304
[  350517ms] [ERROR] WebSocket connection to 'ws://localhost:5174/api/ws' failed: Error during WebSocket handshake: Unexpected response code: 403 @ http://localhost:5174/node_modules/.vite/deps/@stomp_stompjs.js?v=25f1e2c3:1304
[  355529ms] [ERROR] WebSocket connection to 'ws://localhost:5174/api/ws' failed: Error during WebSocket handshake: Unexpected response code: 403 @ http://localhost:5174/node_modules/.vite/deps/@stomp_stompjs.js?v=25f1e2c3:1304
[  360558ms] [ERROR] WebSocket connection to 'ws://localhost:5174/api/ws' failed: Error during WebSocket handshake: Unexpected response code: 403 @ http://localhost:5174/node_modules/.vite/deps/@stomp_stompjs.js?v=25f1e2c3:1304
[  365574ms] [ERROR] WebSocket connection to 'ws://localhost:5174/api/ws' failed: Error during WebSocket handshake: Unexpected response code: 403 @ http://localhost:5174/node_modules/.vite/deps/@stomp_stompjs.js?v=25f1e2c3:1304
[  370599ms] [ERROR] WebSocket connection to 'ws://localhost:5174/api/ws' failed: Error during WebSocket handshake: Unexpected response code: 403 @ http://localhost:5174/node_modules/.vite/deps/@stomp_stompjs.js?v=25f1e2c3:1304
[  375820ms] [ERROR] WebSocket connection to 'ws://localhost:5174/api/ws' failed: Error during WebSocket handshake: Unexpected response code: 403 @ http://localhost:5174/node_modules/.vite/deps/@stomp_stompjs.js?v=25f1e2c3:1304
[  380847ms] [ERROR] WebSocket connection to 'ws://localhost:5174/api/ws' failed: Error during WebSocket handshake: Unexpected response code: 403 @ http://localhost:5174/node_modules/.vite/deps/@stomp_stompjs.js?v=25f1e2c3:1304
[  385872ms] [ERROR] WebSocket connection to 'ws://localhost:5174/api/ws' failed: Error during WebSocket handshake: Unexpected response code: 403 @ http://localhost:5174/node_modules/.vite/deps/@stomp_stompjs.js?v=25f1e2c3:1304
[  390896ms] [ERROR] WebSocket connection to 'ws://localhost:5174/api/ws' failed: Error during WebSocket handshake: Unexpected response code: 403 @ http://localhost:5174/node_modules/.vite/deps/@stomp_stompjs.js?v=25f1e2c3:1304
[  395948ms] [ERROR] WebSocket connection to 'ws://localhost:5174/api/ws' failed: Error during WebSocket handshake: Unexpected response code: 403 @ http://localhost:5174/node_modules/.vite/deps/@stomp_stompjs.js?v=25f1e2c3:1304
[  400996ms] [ERROR] WebSocket connection to 'ws://localhost:5174/api/ws' failed: Error during WebSocket handshake: Unexpected response code: 403 @ http://localhost:5174/node_modules/.vite/deps/@stomp_stompjs.js?v=25f1e2c3:1304
[  406053ms] [ERROR] WebSocket connection to 'ws://localhost:5174/api/ws' failed: Error during WebSocket handshake: Unexpected response code: 403 @ http://localhost:5174/node_modules/.vite/deps/@stomp_stompjs.js?v=25f1e2c3:1304
[  411358ms] [ERROR] WebSocket connection to 'ws://localhost:5174/api/ws' failed: Error during WebSocket handshake: Unexpected response code: 403 @ http://localhost:5174/node_modules/.vite/deps/@stomp_stompjs.js?v=25f1e2c3:1304
[  416519ms] [ERROR] WebSocket connection to 'ws://localhost:5174/api/ws' failed: Error during WebSocket handshake: Unexpected response code: 403 @ http://localhost:5174/node_modules/.vite/deps/@stomp_stompjs.js?v=25f1e2c3:1304
[  421843ms] [ERROR] WebSocket connection to 'ws://localhost:5174/api/ws' failed: Error during WebSocket handshake: Unexpected response code: 403 @ http://localhost:5174/node_modules/.vite/deps/@stomp_stompjs.js?v=25f1e2c3:1304
[  427564ms] [ERROR] WebSocket connection to 'ws://localhost:5174/api/ws' failed: Error during WebSocket handshake: Unexpected response code: 403 @ http://localhost:5174/node_modules/.vite/deps/@stomp_stompjs.js?v=25f1e2c3:1304
[  435676ms] [ERROR] WebSocket connection to 'ws://localhost:5174/api/ws' failed: Error during WebSocket handshake: Unexpected response code: 403 @ http://localhost:5174/node_modules/.vite/deps/@stomp_stompjs.js?v=25f1e2c3:1304
[  442715ms] [ERROR] WebSocket connection to 'ws://localhost:5174/api/ws' failed: Error during WebSocket handshake: Unexpected response code: 403 @ http://localhost:5174/node_modules/.vite/deps/@stomp_stompjs.js?v=25f1e2c3:1304
[  449622ms] [ERROR] WebSocket connection to 'ws://localhost:5174/api/ws' failed: Error during WebSocket handshake: Unexpected response code: 403 @ http://localhost:5174/node_modules/.vite/deps/@stomp_stompjs.js?v=25f1e2c3:1304
[  457496ms] [ERROR] WebSocket connection to 'ws://localhost:5174/api/ws' failed: Error during WebSocket handshake: Unexpected response code: 403 @ http://localhost:5174/node_modules/.vite/deps/@stomp_stompjs.js?v=25f1e2c3:1304
[  468286ms] [ERROR] WebSocket connection to 'ws://localhost:5174/api/ws' failed: Error during WebSocket handshake: Unexpected response code: 403 @ http://localhost:5174/node_modules/.vite/deps/@stomp_stompjs.js?v=25f1e2c3:1304
[  473308ms] [ERROR] WebSocket connection to 'ws://localhost:5174/api/ws' failed: Error during WebSocket handshake: Unexpected response code: 403 @ http://localhost:5174/node_modules/.vite/deps/@stomp_stompjs.js?v=25f1e2c3:1304
[  478419ms] [ERROR] WebSocket connection to 'ws://localhost:5174/api/ws' failed: Error during WebSocket handshake: Unexpected response code: 403 @ http://localhost:5174/node_modules/.vite/deps/@stomp_stompjs.js?v=25f1e2c3:1304
[  483440ms] [ERROR] WebSocket connection to 'ws://localhost:5174/api/ws' failed: Error during WebSocket handshake: Unexpected response code: 403 @ http://localhost:5174/node_modules/.vite/deps/@stomp_stompjs.js?v=25f1e2c3:1304
[  488452ms] [ERROR] WebSocket connection to 'ws://localhost:5174/api/ws' failed: Error during WebSocket handshake: Unexpected response code: 403 @ http://localhost:5174/node_modules/.vite/deps/@stomp_stompjs.js?v=25f1e2c3:1304
[  493464ms] [ERROR] WebSocket connection to 'ws://localhost:5174/api/ws' failed: Error during WebSocket handshake: Unexpected response code: 403 @ http://localhost:5174/node_modules/.vite/deps/@stomp_stompjs.js?v=25f1e2c3:1304
[  498485ms] [ERROR] WebSocket connection to 'ws://localhost:5174/api/ws' failed: Error during WebSocket handshake: Unexpected response code: 403 @ http://localhost:5174/node_modules/.vite/deps/@stomp_stompjs.js?v=25f1e2c3:1304
[  503500ms] [ERROR] WebSocket connection to 'ws://localhost:5174/api/ws' failed: Error during WebSocket handshake: Unexpected response code: 403 @ http://localhost:5174/node_modules/.vite/deps/@stomp_stompjs.js?v=25f1e2c3:1304
[  508517ms] [ERROR] WebSocket connection to 'ws://localhost:5174/api/ws' failed: Error during WebSocket handshake: Unexpected response code: 403 @ http://localhost:5174/node_modules/.vite/deps/@stomp_stompjs.js?v=25f1e2c3:1304
[  513549ms] [ERROR] WebSocket connection to 'ws://localhost:5174/api/ws' failed: Error during WebSocket handshake: Unexpected response code: 403 @ http://localhost:5174/node_modules/.vite/deps/@stomp_stompjs.js?v=25f1e2c3:1304
[  518600ms] [ERROR] WebSocket connection to 'ws://localhost:5174/api/ws' failed: Error during WebSocket handshake: Unexpected response code: 403 @ http://localhost:5174/node_modules/.vite/deps/@stomp_stompjs.js?v=25f1e2c3:1304
[  523959ms] [ERROR] WebSocket connection to 'ws://localhost:5174/api/ws' failed: Error during WebSocket handshake: Unexpected response code: 403 @ http://localhost:5174/node_modules/.vite/deps/@stomp_stompjs.js?v=25f1e2c3:1304
[  529085ms] [ERROR] WebSocket connection to 'ws://localhost:5174/api/ws' failed: Error during WebSocket handshake: Unexpected response code: 403 @ http://localhost:5174/node_modules/.vite/deps/@stomp_stompjs.js?v=25f1e2c3:1304
[  534379ms] [ERROR] WebSocket connection to 'ws://localhost:5174/api/ws' failed: Error during WebSocket handshake: Unexpected response code: 403 @ http://localhost:5174/node_modules/.vite/deps/@stomp_stompjs.js?v=25f1e2c3:1304
[  540450ms] [ERROR] WebSocket connection to 'ws://localhost:5174/api/ws' failed: Error during WebSocket handshake: Unexpected response code: 403 @ http://localhost:5174/node_modules/.vite/deps/@stomp_stompjs.js?v=25f1e2c3:1304
[  546243ms] [ERROR] WebSocket connection to 'ws://localhost:5174/api/ws' failed: Error during WebSocket handshake: Unexpected response code: 403 @ http://localhost:5174/node_modules/.vite/deps/@stomp_stompjs.js?v=25f1e2c3:1304
[  552348ms] [ERROR] WebSocket connection to 'ws://localhost:5174/api/ws' failed: Error during WebSocket handshake: Unexpected response code: 403 @ http://localhost:5174/node_modules/.vite/deps/@stomp_stompjs.js?v=25f1e2c3:1304
[  558630ms] [ERROR] WebSocket connection to 'ws://localhost:5174/api/ws' failed: Error during WebSocket handshake: Unexpected response code: 403 @ http://localhost:5174/node_modules/.vite/deps/@stomp_stompjs.js?v=25f1e2c3:1304
[  566949ms] [ERROR] WebSocket connection to 'ws://localhost:5174/api/ws' failed: Error during WebSocket handshake: Unexpected response code: 403 @ http://localhost:5174/node_modules/.vite/deps/@stomp_stompjs.js?v=25f1e2c3:1304
[  574780ms] [ERROR] WebSocket connection to 'ws://localhost:5174/api/ws' failed: Error during WebSocket handshake: Unexpected response code: 403 @ http://localhost:5174/node_modules/.vite/deps/@stomp_stompjs.js?v=25f1e2c3:1304
[  584928ms] [ERROR] WebSocket connection to 'ws://localhost:5174/api/ws' failed: Error during WebSocket handshake: Unexpected response code: 403 @ http://localhost:5174/node_modules/.vite/deps/@stomp_stompjs.js?v=25f1e2c3:1304
[  592191ms] [ERROR] WebSocket connection to 'ws://localhost:5174/api/ws' failed: Error during WebSocket handshake: Unexpected response code: 403 @ http://localhost:5174/node_modules/.vite/deps/@stomp_stompjs.js?v=25f1e2c3:1304
[  597203ms] [ERROR] WebSocket connection to 'ws://localhost:5174/api/ws' failed: Error during WebSocket handshake: Unexpected response code: 403 @ http://localhost:5174/node_modules/.vite/deps/@stomp_stompjs.js?v=25f1e2c3:1304
[  602221ms] [ERROR] WebSocket connection to 'ws://localhost:5174/api/ws' failed: Error during WebSocket handshake: Unexpected response code: 403 @ http://localhost:5174/node_modules/.vite/deps/@stomp_stompjs.js?v=25f1e2c3:1304
[  607233ms] [ERROR] WebSocket connection to 'ws://localhost:5174/api/ws' failed: Error during WebSocket handshake: Unexpected response code: 403 @ http://localhost:5174/node_modules/.vite/deps/@stomp_stompjs.js?v=25f1e2c3:1304
[  612256ms] [ERROR] WebSocket connection to 'ws://localhost:5174/api/ws' failed: Error during WebSocket handshake: Unexpected response code: 403 @ http://localhost:5174/node_modules/.vite/deps/@stomp_stompjs.js?v=25f1e2c3:1304
[  617268ms] [ERROR] WebSocket connection to 'ws://localhost:5174/api/ws' failed: Error during WebSocket handshake: Unexpected response code: 403 @ http://localhost:5174/node_modules/.vite/deps/@stomp_stompjs.js?v=25f1e2c3:1304
[  622280ms] [ERROR] WebSocket connection to 'ws://localhost:5174/api/ws' failed: Error during WebSocket handshake: Unexpected response code: 403 @ http://localhost:5174/node_modules/.vite/deps/@stomp_stompjs.js?v=25f1e2c3:1304
[  627298ms] [ERROR] WebSocket connection to 'ws://localhost:5174/api/ws' failed: Error during WebSocket handshake: Unexpected response code: 403 @ http://localhost:5174/node_modules/.vite/deps/@stomp_stompjs.js?v=25f1e2c3:1304
[  632314ms] [ERROR] WebSocket connection to 'ws://localhost:5174/api/ws' failed: Error during WebSocket handshake: Unexpected response code: 403 @ http://localhost:5174/node_modules/.vite/deps/@stomp_stompjs.js?v=25f1e2c3:1304
[  637347ms] [ERROR] WebSocket connection to 'ws://localhost:5174/api/ws' failed: Error during WebSocket handshake: Unexpected response code: 403 @ http://localhost:5174/node_modules/.vite/deps/@stomp_stompjs.js?v=25f1e2c3:1304
[  642398ms] [ERROR] WebSocket connection to 'ws://localhost:5174/api/ws' failed: Error during WebSocket handshake: Unexpected response code: 403 @ http://localhost:5174/node_modules/.vite/deps/@stomp_stompjs.js?v=25f1e2c3:1304
[  647483ms] [ERROR] WebSocket connection to 'ws://localhost:5174/api/ws' failed: Error during WebSocket handshake: Unexpected response code: 403 @ http://localhost:5174/node_modules/.vite/deps/@stomp_stompjs.js?v=25f1e2c3:1304
[  652645ms] [ERROR] WebSocket connection to 'ws://localhost:5174/api/ws' failed: Error during WebSocket handshake: Unexpected response code: 403 @ http://localhost:5174/node_modules/.vite/deps/@stomp_stompjs.js?v=25f1e2c3:1304
[  657730ms] [ERROR] WebSocket connection to 'ws://localhost:5174/api/ws' failed: Error during WebSocket handshake: Unexpected response code: 403 @ http://localhost:5174/node_modules/.vite/deps/@stomp_stompjs.js?v=25f1e2c3:1304
[  663891ms] [ERROR] WebSocket connection to 'ws://localhost:5174/api/ws' failed: Error during WebSocket handshake: Unexpected response code: 403 @ http://localhost:5174/node_modules/.vite/deps/@stomp_stompjs.js?v=25f1e2c3:1304
[  669204ms] [ERROR] WebSocket connection to 'ws://localhost:5174/api/ws' failed: Connection closed before receiving a handshake response @ http://localhost:5174/node_modules/.vite/deps/@stomp_stompjs.js?v=25f1e2c3:1304
[  676488ms] [ERROR] WebSocket connection to 'ws://localhost:5174/api/ws' failed: Connection closed before receiving a handshake response @ http://localhost:5174/node_modules/.vite/deps/@stomp_stompjs.js?v=25f1e2c3:1304
[  685955ms] [ERROR] WebSocket connection to 'ws://localhost:5174/api/ws' failed: Connection closed before receiving a handshake response @ http://localhost:5174/node_modules/.vite/deps/@stomp_stompjs.js?v=25f1e2c3:1304
[  692264ms] [ERROR] WebSocket connection to 'ws://localhost:5174/api/ws' failed: Error during WebSocket handshake: Unexpected response code: 403 @ http://localhost:5174/node_modules/.vite/deps/@stomp_stompjs.js?v=25f1e2c3:1304
[  701676ms] [ERROR] WebSocket connection to 'ws://localhost:5174/api/ws' failed: Error during WebSocket handshake: Unexpected response code: 403 @ http://localhost:5174/node_modules/.vite/deps/@stomp_stompjs.js?v=25f1e2c3:1304
[  710750ms] [ERROR] WebSocket connection to 'ws://localhost:5174/api/ws' failed: Error during WebSocket handshake: Unexpected response code: 403 @ http://localhost:5174/node_modules/.vite/deps/@stomp_stompjs.js?v=25f1e2c3:1304
[  718721ms] [ERROR] WebSocket connection to 'ws://localhost:5174/api/ws' failed: Error during WebSocket handshake: Unexpected response code: 403 @ http://localhost:5174/node_modules/.vite/deps/@stomp_stompjs.js?v=25f1e2c3:1304
[  727962ms] [ERROR] WebSocket connection to 'ws://localhost:5174/api/ws' failed: Error during WebSocket handshake: Unexpected response code: 403 @ http://localhost:5174/node_modules/.vite/deps/@stomp_stompjs.js?v=25f1e2c3:1304
[  736883ms] [ERROR] WebSocket connection to 'ws://localhost:5174/api/ws' failed: Error during WebSocket handshake: Unexpected response code: 403 @ http://localhost:5174/node_modules/.vite/deps/@stomp_stompjs.js?v=25f1e2c3:1304
[  745821ms] [ERROR] WebSocket connection to 'ws://localhost:5174/api/ws' failed: Error during WebSocket handshake: Unexpected response code: 403 @ http://localhost:5174/node_modules/.vite/deps/@stomp_stompjs.js?v=25f1e2c3:1304
[  751888ms] [ERROR] WebSocket connection to 'ws://localhost:5174/api/ws' failed: Error during WebSocket handshake: Unexpected response code: 403 @ http://localhost:5174/node_modules/.vite/deps/@stomp_stompjs.js?v=25f1e2c3:1304
[  760513ms] [ERROR] WebSocket connection to 'ws://localhost:5174/api/ws' failed: Error during WebSocket handshake: Unexpected response code: 403 @ http://localhost:5174/node_modules/.vite/deps/@stomp_stompjs.js?v=25f1e2c3:1304
[  768559ms] [ERROR] WebSocket connection to 'ws://localhost:5174/api/ws' failed: Error during WebSocket handshake: Unexpected response code: 403 @ http://localhost:5174/node_modules/.vite/deps/@stomp_stompjs.js?v=25f1e2c3:1304
[  778188ms] [ERROR] WebSocket connection to 'ws://localhost:5174/api/ws' failed: Error during WebSocket handshake: Unexpected response code: 403 @ http://localhost:5174/node_modules/.vite/deps/@stomp_stompjs.js?v=25f1e2c3:1304
[  785725ms] [ERROR] WebSocket connection to 'ws://localhost:5174/api/ws' failed: Error during WebSocket handshake: Unexpected response code: 403 @ http://localhost:5174/node_modules/.vite/deps/@stomp_stompjs.js?v=25f1e2c3:1304
[  793445ms] [ERROR] WebSocket connection to 'ws://localhost:5174/api/ws' failed: Connection closed before receiving a handshake response @ http://localhost:5174/node_modules/.vite/deps/@stomp_stompjs.js?v=25f1e2c3:1304
[  802746ms] [ERROR] WebSocket connection to 'ws://localhost:5174/api/ws' failed: Connection closed before receiving a handshake response @ http://localhost:5174/node_modules/.vite/deps/@stomp_stompjs.js?v=25f1e2c3:1304
[  809222ms] [ERROR] WebSocket connection to 'ws://localhost:5174/api/ws' failed: Error during WebSocket handshake: Unexpected response code: 403 @ http://localhost:5174/node_modules/.vite/deps/@stomp_stompjs.js?v=25f1e2c3:1304
[  816387ms] [ERROR] WebSocket connection to 'ws://localhost:5174/api/ws' failed: Error during WebSocket handshake: Unexpected response code: 403 @ http://localhost:5174/node_modules/.vite/deps/@stomp_stompjs.js?v=25f1e2c3:1304
[  823451ms] [ERROR] WebSocket connection to 'ws://localhost:5174/api/ws' failed: Error during WebSocket handshake: Unexpected response code: 403 @ http://localhost:5174/node_modules/.vite/deps/@stomp_stompjs.js?v=25f1e2c3:1304
[  831361ms] [ERROR] WebSocket connection to 'ws://localhost:5174/api/ws' failed: Error during WebSocket handshake: Unexpected response code: 403 @ http://localhost:5174/node_modules/.vite/deps/@stomp_stompjs.js?v=25f1e2c3:1304
[  839370ms] [ERROR] WebSocket connection to 'ws://localhost:5174/api/ws' failed: Error during WebSocket handshake: Unexpected response code: 403 @ http://localhost:5174/node_modules/.vite/deps/@stomp_stompjs.js?v=25f1e2c3:1304
[  847128ms] [ERROR] WebSocket connection to 'ws://localhost:5174/api/ws' failed: Error during WebSocket handshake: Unexpected response code: 403 @ http://localhost:5174/node_modules/.vite/deps/@stomp_stompjs.js?v=25f1e2c3:1304
[  854080ms] [ERROR] WebSocket connection to 'ws://localhost:5174/api/ws' failed: Connection closed before receiving a handshake response @ http://localhost:5174/node_modules/.vite/deps/@stomp_stompjs.js?v=25f1e2c3:1304
[  860267ms] [ERROR] WebSocket connection to 'ws://localhost:5174/api/ws' failed: Connection closed before receiving a handshake response @ http://localhost:5174/node_modules/.vite/deps/@stomp_stompjs.js?v=25f1e2c3:1304
[  869148ms] [ERROR] WebSocket connection to 'ws://localhost:5174/api/ws' failed: Error during WebSocket handshake: Unexpected response code: 403 @ http://localhost:5174/node_modules/.vite/deps/@stomp_stompjs.js?v=25f1e2c3:1304
[  876638ms] [ERROR] WebSocket connection to 'ws://localhost:5174/api/ws' failed: Error during WebSocket handshake: Unexpected response code: 403 @ http://localhost:5174/node_modules/.vite/deps/@stomp_stompjs.js?v=25f1e2c3:1304
[  886108ms] [ERROR] WebSocket connection to 'ws://localhost:5174/api/ws' failed: Error during WebSocket handshake: Unexpected response code: 403 @ http://localhost:5174/node_modules/.vite/deps/@stomp_stompjs.js?v=25f1e2c3:1304
[  894902ms] [ERROR] WebSocket connection to 'ws://localhost:5174/api/ws' failed: Error during WebSocket handshake: Unexpected response code: 403 @ http://localhost:5174/node_modules/.vite/deps/@stomp_stompjs.js?v=25f1e2c3:1304
[  902340ms] [ERROR] WebSocket connection to 'ws://localhost:5174/api/ws' failed: Error during WebSocket handshake: Unexpected response code: 403 @ http://localhost:5174/node_modules/.vite/deps/@stomp_stompjs.js?v=25f1e2c3:1304
[  912164ms] [ERROR] WebSocket connection to 'ws://localhost:5174/api/ws' failed: Error during WebSocket handshake: Unexpected response code: 403 @ http://localhost:5174/node_modules/.vite/deps/@stomp_stompjs.js?v=25f1e2c3:1304
[  920129ms] [ERROR] WebSocket connection to 'ws://localhost:5174/api/ws' failed: Error during WebSocket handshake: Unexpected response code: 403 @ http://localhost:5174/node_modules/.vite/deps/@stomp_stompjs.js?v=25f1e2c3:1304
[  929431ms] [ERROR] WebSocket connection to 'ws://localhost:5174/api/ws' failed: Error during WebSocket handshake: Unexpected response code: 403 @ http://localhost:5174/node_modules/.vite/deps/@stomp_stompjs.js?v=25f1e2c3:1304
[  935840ms] [ERROR] WebSocket connection to 'ws://localhost:5174/api/ws' failed: Error during WebSocket handshake: Unexpected response code: 403 @ http://localhost:5174/node_modules/.vite/deps/@stomp_stompjs.js?v=25f1e2c3:1304
[  944469ms] [ERROR] WebSocket connection to 'ws://localhost:5174/api/ws' failed: Error during WebSocket handshake: Unexpected response code: 403 @ http://localhost:5174/node_modules/.vite/deps/@stomp_stompjs.js?v=25f1e2c3:1304
[  952204ms] [ERROR] WebSocket connection to 'ws://localhost:5174/api/ws' failed: Error during WebSocket handshake: Unexpected response code: 403 @ http://localhost:5174/node_modules/.vite/deps/@stomp_stompjs.js?v=25f1e2c3:1304
[  957213ms] [ERROR] WebSocket connection to 'ws://localhost:5174/api/ws' failed: Error during WebSocket handshake: Unexpected response code: 403 @ http://localhost:5174/node_modules/.vite/deps/@stomp_stompjs.js?v=25f1e2c3:1304
[  962220ms] [ERROR] WebSocket connection to 'ws://localhost:5174/api/ws' failed: Error during WebSocket handshake: Unexpected response code: 403 @ http://localhost:5174/node_modules/.vite/deps/@stomp_stompjs.js?v=25f1e2c3:1304
[  967228ms] [ERROR] WebSocket connection to 'ws://localhost:5174/api/ws' failed: Error during WebSocket handshake: Unexpected response code: 403 @ http://localhost:5174/node_modules/.vite/deps/@stomp_stompjs.js?v=25f1e2c3:1304
[  972236ms] [ERROR] WebSocket connection to 'ws://localhost:5174/api/ws' failed: Error during WebSocket handshake: Unexpected response code: 403 @ http://localhost:5174/node_modules/.vite/deps/@stomp_stompjs.js?v=25f1e2c3:1304
[  977255ms] [ERROR] WebSocket connection to 'ws://localhost:5174/api/ws' failed: Error during WebSocket handshake: Unexpected response code: 403 @ http://localhost:5174/node_modules/.vite/deps/@stomp_stompjs.js?v=25f1e2c3:1304
[  982271ms] [ERROR] WebSocket connection to 'ws://localhost:5174/api/ws' failed: Error during WebSocket handshake: Unexpected response code: 403 @ http://localhost:5174/node_modules/.vite/deps/@stomp_stompjs.js?v=25f1e2c3:1304
[  987291ms] [ERROR] WebSocket connection to 'ws://localhost:5174/api/ws' failed: Error during WebSocket handshake: Unexpected response code: 403 @ http://localhost:5174/node_modules/.vite/deps/@stomp_stompjs.js?v=25f1e2c3:1304
[  992326ms] [ERROR] WebSocket connection to 'ws://localhost:5174/api/ws' failed: Error during WebSocket handshake: Unexpected response code: 403 @ http://localhost:5174/node_modules/.vite/deps/@stomp_stompjs.js?v=25f1e2c3:1304
[  997349ms] [ERROR] WebSocket connection to 'ws://localhost:5174/api/ws' failed: Error during WebSocket handshake: Unexpected response code: 403 @ http://localhost:5174/node_modules/.vite/deps/@stomp_stompjs.js?v=25f1e2c3:1304
[ 1002396ms] [ERROR] WebSocket connection to 'ws://localhost:5174/api/ws' failed: Error during WebSocket handshake: Unexpected response code: 403 @ http://localhost:5174/node_modules/.vite/deps/@stomp_stompjs.js?v=25f1e2c3:1304
[ 1007900ms] [ERROR] WebSocket connection to 'ws://localhost:5174/api/ws' failed: Error during WebSocket handshake: Unexpected response code: 403 @ http://localhost:5174/node_modules/.vite/deps/@stomp_stompjs.js?v=25f1e2c3:1304
[ 1012989ms] [ERROR] WebSocket connection to 'ws://localhost:5174/api/ws' failed: Error during WebSocket handshake: Unexpected response code: 403 @ http://localhost:5174/node_modules/.vite/deps/@stomp_stompjs.js?v=25f1e2c3:1304
[ 1018098ms] [ERROR] WebSocket connection to 'ws://localhost:5174/api/ws' failed: Error during WebSocket handshake: Unexpected response code: 403 @ http://localhost:5174/node_modules/.vite/deps/@stomp_stompjs.js?v=25f1e2c3:1304
[ 1023465ms] [ERROR] WebSocket connection to 'ws://localhost:5174/api/ws' failed: Error during WebSocket handshake: Unexpected response code: 403 @ http://localhost:5174/node_modules/.vite/deps/@stomp_stompjs.js?v=25f1e2c3:1304
[ 1029511ms] [ERROR] WebSocket connection to 'ws://localhost:5174/api/ws' failed: Error during WebSocket handshake: Unexpected response code: 403 @ http://localhost:5174/node_modules/.vite/deps/@stomp_stompjs.js?v=25f1e2c3:1304
[ 1036698ms] [ERROR] WebSocket connection to 'ws://localhost:5174/api/ws' failed: Error during WebSocket handshake: Unexpected response code: 403 @ http://localhost:5174/node_modules/.vite/deps/@stomp_stompjs.js?v=25f1e2c3:1304
[ 1044428ms] [ERROR] WebSocket connection to 'ws://localhost:5174/api/ws' failed: Error during WebSocket handshake: Unexpected response code: 403 @ http://localhost:5174/node_modules/.vite/deps/@stomp_stompjs.js?v=25f1e2c3:1304
[ 1054205ms] [ERROR] WebSocket connection to 'ws://localhost:5174/api/ws' failed: Error during WebSocket handshake: Unexpected response code: 403 @ http://localhost:5174/node_modules/.vite/deps/@stomp_stompjs.js?v=25f1e2c3:1304
[ 1063887ms] [ERROR] WebSocket connection to 'ws://localhost:5174/api/ws' failed: Connection closed before receiving a handshake response @ http://localhost:5174/node_modules/.vite/deps/@stomp_stompjs.js?v=25f1e2c3:1304
[ 1071181ms] [ERROR] WebSocket connection to 'ws://localhost:5174/api/ws' failed: Connection closed before receiving a handshake response @ http://localhost:5174/node_modules/.vite/deps/@stomp_stompjs.js?v=25f1e2c3:1304
[ 1079966ms] [ERROR] WebSocket connection to 'ws://localhost:5174/api/ws' failed: Error during WebSocket handshake: Unexpected response code: 403 @ http://localhost:5174/node_modules/.vite/deps/@stomp_stompjs.js?v=25f1e2c3:1304
[ 1087479ms] [ERROR] WebSocket connection to 'ws://localhost:5174/api/ws' failed: Error during WebSocket handshake: Unexpected response code: 403 @ http://localhost:5174/node_modules/.vite/deps/@stomp_stompjs.js?v=25f1e2c3:1304
[ 1097117ms] [ERROR] WebSocket connection to 'ws://localhost:5174/api/ws' failed: Error during WebSocket handshake: Unexpected response code: 403 @ http://localhost:5174/node_modules/.vite/deps/@stomp_stompjs.js?v=25f1e2c3:1304
[ 1106701ms] [ERROR] WebSocket connection to 'ws://localhost:5174/api/ws' failed: Error during WebSocket handshake: Unexpected response code: 403 @ http://localhost:5174/node_modules/.vite/deps/@stomp_stompjs.js?v=25f1e2c3:1304
[ 1113369ms] [ERROR] WebSocket connection to 'ws://localhost:5174/api/ws' failed: Error during WebSocket handshake: Unexpected response code: 403 @ http://localhost:5174/node_modules/.vite/deps/@stomp_stompjs.js?v=25f1e2c3:1304
[ 1121097ms] [ERROR] WebSocket connection to 'ws://localhost:5174/api/ws' failed: Error during WebSocket handshake: Unexpected response code: 403 @ http://localhost:5174/node_modules/.vite/deps/@stomp_stompjs.js?v=25f1e2c3:1304
[ 1127350ms] [ERROR] WebSocket connection to 'ws://localhost:5174/api/ws' failed: Error during WebSocket handshake: Unexpected response code: 403 @ http://localhost:5174/node_modules/.vite/deps/@stomp_stompjs.js?v=25f1e2c3:1304
[ 1135287ms] [ERROR] WebSocket connection to 'ws://localhost:5174/api/ws' failed: Error during WebSocket handshake: Unexpected response code: 403 @ http://localhost:5174/node_modules/.vite/deps/@stomp_stompjs.js?v=25f1e2c3:1304
[ 1144011ms] [ERROR] WebSocket connection to 'ws://localhost:5174/api/ws' failed: Error during WebSocket handshake: Unexpected response code: 403 @ http://localhost:5174/node_modules/.vite/deps/@stomp_stompjs.js?v=25f1e2c3:1304
