[    1358ms] [ERROR] WebSocket connection to 'ws://localhost:5174/api/ws' failed: Error during WebSocket handshake: Unexpected response code: 403 @ http://localhost:5174/node_modules/.vite/deps/@stomp_stompjs.js?v=bf09b865:1304
[    6387ms] [ERROR] WebSocket connection to 'ws://localhost:5174/api/ws' failed: Error during WebSocket handshake: Unexpected response code: 403 @ http://localhost:5174/node_modules/.vite/deps/@stomp_stompjs.js?v=bf09b865:1304
[   11406ms] [ERROR] WebSocket connection to 'ws://localhost:5174/api/ws' failed: Error during WebSocket handshake: Unexpected response code: 403 @ http://localhost:5174/node_modules/.vite/deps/@stomp_stompjs.js?v=bf09b865:1304
[   16571ms] [ERROR] WebSocket connection to 'ws://localhost:5174/api/ws' failed: Error during WebSocket handshake: Unexpected response code: 403 @ http://localhost:5174/node_modules/.vite/deps/@stomp_stompjs.js?v=bf09b865:1304
[   21601ms] [ERROR] WebSocket connection to 'ws://localhost:5174/api/ws' failed: Error during WebSocket handshake: Unexpected response code: 403 @ http://localhost:5174/node_modules/.vite/deps/@stomp_stompjs.js?v=bf09b865:1304
[   26618ms] [ERROR] WebSocket connection to 'ws://localhost:5174/api/ws' failed: Error during WebSocket handshake: Unexpected response code: 403 @ http://localhost:5174/node_modules/.vite/deps/@stomp_stompjs.js?v=bf09b865:1304
[   31737ms] [ERROR] WebSocket connection to 'ws://localhost:5174/api/ws' failed: Error during WebSocket handshake: Unexpected response code: 403 @ http://localhost:5174/node_modules/.vite/deps/@stomp_stompjs.js?v=bf09b865:1304
[   36756ms] [ERROR] WebSocket connection to 'ws://localhost:5174/api/ws' failed: Error during WebSocket handshake: Unexpected response code: 403 @ http://localhost:5174/node_modules/.vite/deps/@stomp_stompjs.js?v=bf09b865:1304
[   41777ms] [ERROR] WebSocket connection to 'ws://localhost:5174/api/ws' failed: Error during WebSocket handshake: Unexpected response code: 403 @ http://localhost:5174/node_modules/.vite/deps/@stomp_stompjs.js?v=bf09b865:1304
[   46800ms] [ERROR] WebSocket connection to 'ws://localhost:5174/api/ws' failed: Error during WebSocket handshake: Unexpected response code: 403 @ http://localhost:5174/node_modules/.vite/deps/@stomp_stompjs.js?v=bf09b865:1304
[   51825ms] [ERROR] WebSocket connection to 'ws://localhost:5174/api/ws' failed: Error during WebSocket handshake: Unexpected response code: 403 @ http://localhost:5174/node_modules/.vite/deps/@stomp_stompjs.js?v=bf09b865:1304
[   56838ms] [ERROR] WebSocket connection to 'ws://localhost:5174/api/ws' failed: Error during WebSocket handshake: Unexpected response code: 403 @ http://localhost:5174/node_modules/.vite/deps/@stomp_stompjs.js?v=bf09b865:1304
[   61857ms] [ERROR] WebSocket connection to 'ws://localhost:5174/api/ws' failed: Error during WebSocket handshake: Unexpected response code: 403 @ http://localhost:5174/node_modules/.vite/deps/@stomp_stompjs.js?v=bf09b865:1304
[   66891ms] [ERROR] WebSocket connection to 'ws://localhost:5174/api/ws' failed: Error during WebSocket handshake: Unexpected response code: 403 @ http://localhost:5174/node_modules/.vite/deps/@stomp_stompjs.js?v=bf09b865:1304
[   71920ms] [ERROR] WebSocket connection to 'ws://localhost:5174/api/ws' failed: Error during WebSocket handshake: Unexpected response code: 403 @ http://localhost:5174/node_modules/.vite/deps/@stomp_stompjs.js?v=bf09b865:1304
[   76950ms] [ERROR] WebSocket connection to 'ws://localhost:5174/api/ws' failed: Error during WebSocket handshake: Unexpected response code: 403 @ http://localhost:5174/node_modules/.vite/deps/@stomp_stompjs.js?v=bf09b865:1304
[   81987ms] [ERROR] WebSocket connection to 'ws://localhost:5174/api/ws' failed: Error during WebSocket handshake: Unexpected response code: 403 @ http://localhost:5174/node_modules/.vite/deps/@stomp_stompjs.js?v=bf09b865:1304
[   87021ms] [ERROR] WebSocket connection to 'ws://localhost:5174/api/ws' failed: Error during WebSocket handshake: Unexpected response code: 403 @ http://localhost:5174/node_modules/.vite/deps/@stomp_stompjs.js?v=bf09b865:1304
[   92068ms] [ERROR] WebSocket connection to 'ws://localhost:5174/api/ws' failed: Error during WebSocket handshake: Unexpected response code: 403 @ http://localhost:5174/node_modules/.vite/deps/@stomp_stompjs.js?v=bf09b865:1304
[   99011ms] [ERROR] WebSocket connection to 'ws://localhost:5174/?token=5z4UWb1COb8K' failed:  @ http://localhost:5174/@vite/client:864
[   99011ms] [LOG] [vite] server connection lost. Polling for restart... @ http://localhost:5174/@vite/client:992
[   99141ms] [ERROR] WebSocket connection to 'ws://localhost:5174/api/ws' failed:  @ http://localhost:5174/node_modules/.vite/deps/@stomp_stompjs.js?v=bf09b865:1304
[  107343ms] [ERROR] WebSocket connection to 'ws://localhost:5174/api/ws' failed: Error in connection establishment: net::ERR_CONNECTION_REFUSED @ http://localhost:5174/node_modules/.vite/deps/@stomp_stompjs.js?v=bf09b865:1304
[  112365ms] [ERROR] WebSocket connection to 'ws://localhost:5174/api/ws' failed: Error during WebSocket handshake: Unexpected response code: 403 @ http://localhost:5174/node_modules/.vite/deps/@stomp_stompjs.js?v=bf09b865:1304
[  117381ms] [ERROR] WebSocket connection to 'ws://localhost:5174/api/ws' failed: Error during WebSocket handshake: Unexpected response code: 403 @ http://localhost:5174/node_modules/.vite/deps/@stomp_stompjs.js?v=bf09b865:1304
[  122403ms] [ERROR] WebSocket connection to 'ws://localhost:5174/api/ws' failed: Error during WebSocket handshake: Unexpected response code: 403 @ http://localhost:5174/node_modules/.vite/deps/@stomp_stompjs.js?v=bf09b865:1304
[  127440ms] [ERROR] WebSocket connection to 'ws://localhost:5174/api/ws' failed: Error during WebSocket handshake: Unexpected response code: 403 @ http://localhost:5174/node_modules/.vite/deps/@stomp_stompjs.js?v=bf09b865:1304
[  132468ms] [ERROR] WebSocket connection to 'ws://localhost:5174/api/ws' failed: Error during WebSocket handshake: Unexpected response code: 403 @ http://localhost:5174/node_modules/.vite/deps/@stomp_stompjs.js?v=bf09b865:1304
[  137588ms] [ERROR] WebSocket connection to 'ws://localhost:5174/api/ws' failed: Error during WebSocket handshake: Unexpected response code: 403 @ http://localhost:5174/node_modules/.vite/deps/@stomp_stompjs.js?v=bf09b865:1304
[  142624ms] [ERROR] WebSocket connection to 'ws://localhost:5174/api/ws' failed: Error during WebSocket handshake: Unexpected response code: 403 @ http://localhost:5174/node_modules/.vite/deps/@stomp_stompjs.js?v=bf09b865:1304
[  147664ms] [ERROR] WebSocket connection to 'ws://localhost:5174/api/ws' failed: Error during WebSocket handshake: Unexpected response code: 403 @ http://localhost:5174/node_modules/.vite/deps/@stomp_stompjs.js?v=bf09b865:1304
[  152761ms] [ERROR] WebSocket connection to 'ws://localhost:5174/api/ws' failed: Error during WebSocket handshake: Unexpected response code: 403 @ http://localhost:5174/node_modules/.vite/deps/@stomp_stompjs.js?v=bf09b865:1304
[  157878ms] [ERROR] WebSocket connection to 'ws://localhost:5174/api/ws' failed: Error during WebSocket handshake: Unexpected response code: 403 @ http://localhost:5174/node_modules/.vite/deps/@stomp_stompjs.js?v=bf09b865:1304
[  163060ms] [ERROR] WebSocket connection to 'ws://localhost:5174/api/ws' failed: Error during WebSocket handshake: Unexpected response code: 403 @ http://localhost:5174/node_modules/.vite/deps/@stomp_stompjs.js?v=bf09b865:1304
[  168383ms] [ERROR] WebSocket connection to 'ws://localhost:5174/api/ws' failed: Error during WebSocket handshake: Unexpected response code: 403 @ http://localhost:5174/node_modules/.vite/deps/@stomp_stompjs.js?v=bf09b865:1304
[  173536ms] [ERROR] WebSocket connection to 'ws://localhost:5174/api/ws' failed: Error during WebSocket handshake: Unexpected response code: 403 @ http://localhost:5174/node_modules/.vite/deps/@stomp_stompjs.js?v=bf09b865:1304
[  180391ms] [ERROR] WebSocket connection to 'ws://localhost:5174/api/ws' failed: Error during WebSocket handshake: Unexpected response code: 403 @ http://localhost:5174/node_modules/.vite/deps/@stomp_stompjs.js?v=bf09b865:1304
[  187032ms] [ERROR] WebSocket connection to 'ws://localhost:5174/api/ws' failed: Error during WebSocket handshake: Unexpected response code: 403 @ http://localhost:5174/node_modules/.vite/deps/@stomp_stompjs.js?v=bf09b865:1304
[  196236ms] [ERROR] WebSocket connection to 'ws://localhost:5174/api/ws' failed: Error during WebSocket handshake: Unexpected response code: 403 @ http://localhost:5174/node_modules/.vite/deps/@stomp_stompjs.js?v=bf09b865:1304
[  203595ms] [ERROR] WebSocket connection to 'ws://localhost:5174/api/ws' failed: Error during WebSocket handshake: Unexpected response code: 403 @ http://localhost:5174/node_modules/.vite/deps/@stomp_stompjs.js?v=bf09b865:1304
