[     505ms] [ERROR] WebSocket connection to 'ws://localhost:5174/api/ws' failed: Error during WebSocket handshake: Unexpected response code: 403 @ http://localhost:5174/node_modules/.vite/deps/@stomp_stompjs.js?v=25f1e2c3:1304
[    5532ms] [ERROR] WebSocket connection to 'ws://localhost:5174/api/ws' failed: Error during WebSocket handshake: Unexpected response code: 403 @ http://localhost:5174/node_modules/.vite/deps/@stomp_stompjs.js?v=25f1e2c3:1304
[   10651ms] [ERROR] WebSocket connection to 'ws://localhost:5174/api/ws' failed: Error during WebSocket handshake: Unexpected response code: 403 @ http://localhost:5174/node_modules/.vite/deps/@stomp_stompjs.js?v=25f1e2c3:1304
[   15680ms] [ERROR] WebSocket connection to 'ws://localhost:5174/api/ws' failed: Error during WebSocket handshake: Unexpected response code: 403 @ http://localhost:5174/node_modules/.vite/deps/@stomp_stompjs.js?v=25f1e2c3:1304
[   22518ms] [ERROR] WebSocket connection to 'ws://localhost:5174/api/ws' failed: Error during WebSocket handshake: Unexpected response code: 403 @ http://localhost:5174/node_modules/.vite/deps/@stomp_stompjs.js?v=25f1e2c3:1304
[   27572ms] [ERROR] WebSocket connection to 'ws://localhost:5174/api/ws' failed: Error during WebSocket handshake: Unexpected response code: 403 @ http://localhost:5174/node_modules/.vite/deps/@stomp_stompjs.js?v=25f1e2c3:1304
[   32598ms] [ERROR] WebSocket connection to 'ws://localhost:5174/api/ws' failed: Error during WebSocket handshake: Unexpected response code: 403 @ http://localhost:5174/node_modules/.vite/deps/@stomp_stompjs.js?v=25f1e2c3:1304
[   37695ms] [ERROR] WebSocket connection to 'ws://localhost:5174/api/ws' failed: Error during WebSocket handshake: Unexpected response code: 403 @ http://localhost:5174/node_modules/.vite/deps/@stomp_stompjs.js?v=25f1e2c3:1304
[   42763ms] [ERROR] WebSocket connection to 'ws://localhost:5174/api/ws' failed: Error during WebSocket handshake: Unexpected response code: 403 @ http://localhost:5174/node_modules/.vite/deps/@stomp_stompjs.js?v=25f1e2c3:1304
[   47827ms] [ERROR] WebSocket connection to 'ws://localhost:5174/api/ws' failed: Error during WebSocket handshake: Unexpected response code: 403 @ http://localhost:5174/node_modules/.vite/deps/@stomp_stompjs.js?v=25f1e2c3:1304
[   52883ms] [ERROR] WebSocket connection to 'ws://localhost:5174/api/ws' failed: Error during WebSocket handshake: Unexpected response code: 403 @ http://localhost:5174/node_modules/.vite/deps/@stomp_stompjs.js?v=25f1e2c3:1304
[   57971ms] [ERROR] WebSocket connection to 'ws://localhost:5174/api/ws' failed: Error during WebSocket handshake: Unexpected response code: 403 @ http://localhost:5174/node_modules/.vite/deps/@stomp_stompjs.js?v=25f1e2c3:1304
[   63119ms] [ERROR] WebSocket connection to 'ws://localhost:5174/api/ws' failed: Error during WebSocket handshake: Unexpected response code: 403 @ http://localhost:5174/node_modules/.vite/deps/@stomp_stompjs.js?v=25f1e2c3:1304
[   68412ms] [ERROR] WebSocket connection to 'ws://localhost:5174/api/ws' failed: Error during WebSocket handshake: Unexpected response code: 403 @ http://localhost:5174/node_modules/.vite/deps/@stomp_stompjs.js?v=25f1e2c3:1304
[   73490ms] [ERROR] WebSocket connection to 'ws://localhost:5174/api/ws' failed: Error during WebSocket handshake: Unexpected response code: 403 @ http://localhost:5174/node_modules/.vite/deps/@stomp_stompjs.js?v=25f1e2c3:1304
[   78784ms] [ERROR] WebSocket connection to 'ws://localhost:5174/api/ws' failed: Error during WebSocket handshake: Unexpected response code: 403 @ http://localhost:5174/node_modules/.vite/deps/@stomp_stompjs.js?v=25f1e2c3:1304
[   84309ms] [ERROR] WebSocket connection to 'ws://localhost:5174/api/ws' failed: Error during WebSocket handshake: Unexpected response code: 403 @ http://localhost:5174/node_modules/.vite/deps/@stomp_stompjs.js?v=25f1e2c3:1304
[   89909ms] [ERROR] WebSocket connection to 'ws://localhost:5174/api/ws' failed: Error during WebSocket handshake: Unexpected response code: 403 @ http://localhost:5174/node_modules/.vite/deps/@stomp_stompjs.js?v=25f1e2c3:1304
[   95415ms] [ERROR] WebSocket connection to 'ws://localhost:5174/api/ws' failed: Error during WebSocket handshake: Unexpected response code: 403 @ http://localhost:5174/node_modules/.vite/deps/@stomp_stompjs.js?v=25f1e2c3:1304
[  100748ms] [ERROR] WebSocket connection to 'ws://localhost:5174/api/ws' failed: Error during WebSocket handshake: Unexpected response code: 403 @ http://localhost:5174/node_modules/.vite/deps/@stomp_stompjs.js?v=25f1e2c3:1304
[  106577ms] [ERROR] WebSocket connection to 'ws://localhost:5174/api/ws' failed: Error during WebSocket handshake: Unexpected response code: 403 @ http://localhost:5174/node_modules/.vite/deps/@stomp_stompjs.js?v=25f1e2c3:1304
[  112673ms] [ERROR] WebSocket connection to 'ws://localhost:5174/api/ws' failed: Error during WebSocket handshake: Unexpected response code: 403 @ http://localhost:5174/node_modules/.vite/deps/@stomp_stompjs.js?v=25f1e2c3:1304
[  118365ms] [ERROR] WebSocket connection to 'ws://localhost:5174/api/ws' failed: Error during WebSocket handshake: Unexpected response code: 403 @ http://localhost:5174/node_modules/.vite/deps/@stomp_stompjs.js?v=25f1e2c3:1304
[  125600ms] [ERROR] WebSocket connection to 'ws://localhost:5174/api/ws' failed: Error during WebSocket handshake: Unexpected response code: 403 @ http://localhost:5174/node_modules/.vite/deps/@stomp_stompjs.js?v=25f1e2c3:1304
[  130608ms] [ERROR] WebSocket connection to 'ws://localhost:5174/api/ws' failed: Connection closed before receiving a handshake response @ http://localhost:5174/node_modules/.vite/deps/@stomp_stompjs.js?v=25f1e2c3:1304
[  135614ms] [ERROR] WebSocket connection to 'ws://localhost:5174/api/ws' failed: Connection closed before receiving a handshake response @ http://localhost:5174/node_modules/.vite/deps/@stomp_stompjs.js?v=25f1e2c3:1304
[  140666ms] [ERROR] WebSocket connection to 'ws://localhost:5174/api/ws' failed: Connection closed before receiving a handshake response @ http://localhost:5174/node_modules/.vite/deps/@stomp_stompjs.js?v=25f1e2c3:1304
[  145676ms] [ERROR] WebSocket connection to 'ws://localhost:5174/api/ws' failed: Connection closed before receiving a handshake response @ http://localhost:5174/node_modules/.vite/deps/@stomp_stompjs.js?v=25f1e2c3:1304
[  150686ms] [ERROR] WebSocket connection to 'ws://localhost:5174/api/ws' failed: Error during WebSocket handshake: Unexpected response code: 403 @ http://localhost:5174/node_modules/.vite/deps/@stomp_stompjs.js?v=25f1e2c3:1304
[  155751ms] [ERROR] WebSocket connection to 'ws://localhost:5174/api/ws' failed: Error during WebSocket handshake: Unexpected response code: 403 @ http://localhost:5174/node_modules/.vite/deps/@stomp_stompjs.js?v=25f1e2c3:1304
[  160762ms] [ERROR] WebSocket connection to 'ws://localhost:5174/api/ws' failed: Error during WebSocket handshake: Unexpected response code: 403 @ http://localhost:5174/node_modules/.vite/deps/@stomp_stompjs.js?v=25f1e2c3:1304
[  165784ms] [ERROR] WebSocket connection to 'ws://localhost:5174/api/ws' failed: Error during WebSocket handshake: Unexpected response code: 403 @ http://localhost:5174/node_modules/.vite/deps/@stomp_stompjs.js?v=25f1e2c3:1304
[  171009ms] [ERROR] WebSocket connection to 'ws://localhost:5174/api/ws' failed: Error during WebSocket handshake: Unexpected response code: 403 @ http://localhost:5174/node_modules/.vite/deps/@stomp_stompjs.js?v=25f1e2c3:1304
[  176048ms] [ERROR] WebSocket connection to 'ws://localhost:5174/api/ws' failed: Error during WebSocket handshake: Unexpected response code: 403 @ http://localhost:5174/node_modules/.vite/deps/@stomp_stompjs.js?v=25f1e2c3:1304
[  181128ms] [ERROR] WebSocket connection to 'ws://localhost:5174/api/ws' failed: Error during WebSocket handshake: Unexpected response code: 403 @ http://localhost:5174/node_modules/.vite/deps/@stomp_stompjs.js?v=25f1e2c3:1304
[  186241ms] [ERROR] WebSocket connection to 'ws://localhost:5174/api/ws' failed: Error during WebSocket handshake: Unexpected response code: 403 @ http://localhost:5174/node_modules/.vite/deps/@stomp_stompjs.js?v=25f1e2c3:1304
[  191521ms] [ERROR] WebSocket connection to 'ws://localhost:5174/api/ws' failed: Error during WebSocket handshake: Unexpected response code: 403 @ http://localhost:5174/node_modules/.vite/deps/@stomp_stompjs.js?v=25f1e2c3:1304
[  196867ms] [ERROR] WebSocket connection to 'ws://localhost:5174/api/ws' failed: Error during WebSocket handshake: Unexpected response code: 403 @ http://localhost:5174/node_modules/.vite/deps/@stomp_stompjs.js?v=25f1e2c3:1304
[  202444ms] [ERROR] WebSocket connection to 'ws://localhost:5174/api/ws' failed: Error during WebSocket handshake: Unexpected response code: 403 @ http://localhost:5174/node_modules/.vite/deps/@stomp_stompjs.js?v=25f1e2c3:1304
[  208920ms] [ERROR] WebSocket connection to 'ws://localhost:5174/api/ws' failed: Error during WebSocket handshake: Unexpected response code: 403 @ http://localhost:5174/node_modules/.vite/deps/@stomp_stompjs.js?v=25f1e2c3:1304
[  215574ms] [ERROR] WebSocket connection to 'ws://localhost:5174/api/ws' failed: Error during WebSocket handshake: Unexpected response code: 403 @ http://localhost:5174/node_modules/.vite/deps/@stomp_stompjs.js?v=25f1e2c3:1304
[  223336ms] [ERROR] WebSocket connection to 'ws://localhost:5174/api/ws' failed: Error during WebSocket handshake: Unexpected response code: 403 @ http://localhost:5174/node_modules/.vite/deps/@stomp_stompjs.js?v=25f1e2c3:1304
[  233386ms] [ERROR] WebSocket connection to 'ws://localhost:5174/api/ws' failed: Error during WebSocket handshake: Unexpected response code: 403 @ http://localhost:5174/node_modules/.vite/deps/@stomp_stompjs.js?v=25f1e2c3:1304
[  240069ms] [ERROR] WebSocket connection to 'ws://localhost:5174/api/ws' failed: Error during WebSocket handshake: Unexpected response code: 403 @ http://localhost:5174/node_modules/.vite/deps/@stomp_stompjs.js?v=25f1e2c3:1304
[  246985ms] [ERROR] WebSocket connection to 'ws://localhost:5174/api/ws' failed: Error during WebSocket handshake: Unexpected response code: 403 @ http://localhost:5174/node_modules/.vite/deps/@stomp_stompjs.js?v=25f1e2c3:1304
[  251995ms] [ERROR] WebSocket connection to 'ws://localhost:5174/api/ws' failed: Error during WebSocket handshake: Unexpected response code: 403 @ http://localhost:5174/node_modules/.vite/deps/@stomp_stompjs.js?v=25f1e2c3:1304
[  257005ms] [ERROR] WebSocket connection to 'ws://localhost:5174/api/ws' failed: Error during WebSocket handshake: Unexpected response code: 403 @ http://localhost:5174/node_modules/.vite/deps/@stomp_stompjs.js?v=25f1e2c3:1304
[  262706ms] [ERROR] WebSocket connection to 'ws://localhost:5174/api/ws' failed: Error during WebSocket handshake: Unexpected response code: 403 @ http://localhost:5174/node_modules/.vite/deps/@stomp_stompjs.js?v=25f1e2c3:1304
[  267718ms] [ERROR] WebSocket connection to 'ws://localhost:5174/api/ws' failed: Error during WebSocket handshake: Unexpected response code: 403 @ http://localhost:5174/node_modules/.vite/deps/@stomp_stompjs.js?v=25f1e2c3:1304
[  272728ms] [ERROR] WebSocket connection to 'ws://localhost:5174/api/ws' failed: Error during WebSocket handshake: Unexpected response code: 403 @ http://localhost:5174/node_modules/.vite/deps/@stomp_stompjs.js?v=25f1e2c3:1304
[  277995ms] [ERROR] WebSocket connection to 'ws://localhost:5174/api/ws' failed: Connection closed before receiving a handshake response @ http://localhost:5174/node_modules/.vite/deps/@stomp_stompjs.js?v=25f1e2c3:1304
[  283009ms] [ERROR] WebSocket connection to 'ws://localhost:5174/api/ws' failed: Connection closed before receiving a handshake response @ http://localhost:5174/node_modules/.vite/deps/@stomp_stompjs.js?v=25f1e2c3:1304
[  288025ms] [ERROR] WebSocket connection to 'ws://localhost:5174/api/ws' failed: Connection closed before receiving a handshake response @ http://localhost:5174/node_modules/.vite/deps/@stomp_stompjs.js?v=25f1e2c3:1304
[  293053ms] [ERROR] WebSocket connection to 'ws://localhost:5174/api/ws' failed: Error during WebSocket handshake: Unexpected response code: 403 @ http://localhost:5174/node_modules/.vite/deps/@stomp_stompjs.js?v=25f1e2c3:1304
[  298083ms] [ERROR] WebSocket connection to 'ws://localhost:5174/api/ws' failed: Error during WebSocket handshake: Unexpected response code: 403 @ http://localhost:5174/node_modules/.vite/deps/@stomp_stompjs.js?v=25f1e2c3:1304
[  303128ms] [ERROR] WebSocket connection to 'ws://localhost:5174/api/ws' failed: Error during WebSocket handshake: Unexpected response code: 403 @ http://localhost:5174/node_modules/.vite/deps/@stomp_stompjs.js?v=25f1e2c3:1304
[  308232ms] [ERROR] WebSocket connection to 'ws://localhost:5174/api/ws' failed: Error during WebSocket handshake: Unexpected response code: 403 @ http://localhost:5174/node_modules/.vite/deps/@stomp_stompjs.js?v=25f1e2c3:1304
[  313380ms] [ERROR] WebSocket connection to 'ws://localhost:5174/api/ws' failed: Error during WebSocket handshake: Unexpected response code: 403 @ http://localhost:5174/node_modules/.vite/deps/@stomp_stompjs.js?v=25f1e2c3:1304
[  318618ms] [ERROR] WebSocket connection to 'ws://localhost:5174/api/ws' failed: Error during WebSocket handshake: Unexpected response code: 403 @ http://localhost:5174/node_modules/.vite/deps/@stomp_stompjs.js?v=25f1e2c3:1304
[  324393ms] [ERROR] WebSocket connection to 'ws://localhost:5174/api/ws' failed: Error during WebSocket handshake: Unexpected response code: 403 @ http://localhost:5174/node_modules/.vite/deps/@stomp_stompjs.js?v=25f1e2c3:1304
[  331072ms] [ERROR] WebSocket connection to 'ws://localhost:5174/api/ws' failed: Error during WebSocket handshake: Unexpected response code: 403 @ http://localhost:5174/node_modules/.vite/deps/@stomp_stompjs.js?v=25f1e2c3:1304
[  340712ms] [ERROR] WebSocket connection to 'ws://localhost:5174/api/ws' failed: Error during WebSocket handshake: Unexpected response code: 403 @ http://localhost:5174/node_modules/.vite/deps/@stomp_stompjs.js?v=25f1e2c3:1304
[  349038ms] [ERROR] WebSocket connection to 'ws://localhost:5174/api/ws' failed: Error during WebSocket handshake: Unexpected response code: 403 @ http://localhost:5174/node_modules/.vite/deps/@stomp_stompjs.js?v=25f1e2c3:1304
[  358476ms] [ERROR] WebSocket connection to 'ws://localhost:5174/api/ws' failed: Error during WebSocket handshake: Unexpected response code: 403 @ http://localhost:5174/node_modules/.vite/deps/@stomp_stompjs.js?v=25f1e2c3:1304
[  368185ms] [ERROR] WebSocket connection to 'ws://localhost:5174/api/ws' failed: Error during WebSocket handshake: Unexpected response code: 403 @ http://localhost:5174/node_modules/.vite/deps/@stomp_stompjs.js?v=25f1e2c3:1304
[  373198ms] [ERROR] WebSocket connection to 'ws://localhost:5174/api/ws' failed: Error during WebSocket handshake: Unexpected response code: 403 @ http://localhost:5174/node_modules/.vite/deps/@stomp_stompjs.js?v=25f1e2c3:1304
[  378214ms] [ERROR] WebSocket connection to 'ws://localhost:5174/api/ws' failed: Error during WebSocket handshake: Unexpected response code: 403 @ http://localhost:5174/node_modules/.vite/deps/@stomp_stompjs.js?v=25f1e2c3:1304
[  383222ms] [ERROR] WebSocket connection to 'ws://localhost:5174/api/ws' failed: Error during WebSocket handshake: Unexpected response code: 403 @ http://localhost:5174/node_modules/.vite/deps/@stomp_stompjs.js?v=25f1e2c3:1304
[  388234ms] [ERROR] WebSocket connection to 'ws://localhost:5174/api/ws' failed: Error during WebSocket handshake: Unexpected response code: 403 @ http://localhost:5174/node_modules/.vite/deps/@stomp_stompjs.js?v=25f1e2c3:1304
[  393254ms] [ERROR] WebSocket connection to 'ws://localhost:5174/api/ws' failed: Error during WebSocket handshake: Unexpected response code: 403 @ http://localhost:5174/node_modules/.vite/deps/@stomp_stompjs.js?v=25f1e2c3:1304
[  398264ms] [ERROR] WebSocket connection to 'ws://localhost:5174/api/ws' failed: Error during WebSocket handshake: Unexpected response code: 403 @ http://localhost:5174/node_modules/.vite/deps/@stomp_stompjs.js?v=25f1e2c3:1304
[  403277ms] [ERROR] WebSocket connection to 'ws://localhost:5174/api/ws' failed: Error during WebSocket handshake: Unexpected response code: 403 @ http://localhost:5174/node_modules/.vite/deps/@stomp_stompjs.js?v=25f1e2c3:1304
[  408293ms] [ERROR] WebSocket connection to 'ws://localhost:5174/api/ws' failed: Error during WebSocket handshake: Unexpected response code: 403 @ http://localhost:5174/node_modules/.vite/deps/@stomp_stompjs.js?v=25f1e2c3:1304
[  413309ms] [ERROR] WebSocket connection to 'ws://localhost:5174/api/ws' failed: Connection closed before receiving a handshake response @ http://localhost:5174/node_modules/.vite/deps/@stomp_stompjs.js?v=25f1e2c3:1304
[  418332ms] [ERROR] WebSocket connection to 'ws://localhost:5174/api/ws' failed: Connection closed before receiving a handshake response @ http://localhost:5174/node_modules/.vite/deps/@stomp_stompjs.js?v=25f1e2c3:1304
[  423397ms] [ERROR] WebSocket connection to 'ws://localhost:5174/api/ws' failed: Error during WebSocket handshake: Unexpected response code: 403 @ http://localhost:5174/node_modules/.vite/deps/@stomp_stompjs.js?v=25f1e2c3:1304
[  428686ms] [ERROR] WebSocket connection to 'ws://localhost:5174/api/ws' failed: Error during WebSocket handshake: Unexpected response code: 403 @ http://localhost:5174/node_modules/.vite/deps/@stomp_stompjs.js?v=25f1e2c3:1304
[  433899ms] [ERROR] WebSocket connection to 'ws://localhost:5174/api/ws' failed: Error during WebSocket handshake: Unexpected response code: 403 @ http://localhost:5174/node_modules/.vite/deps/@stomp_stompjs.js?v=25f1e2c3:1304
[  439286ms] [ERROR] WebSocket connection to 'ws://localhost:5174/api/ws' failed: Error during WebSocket handshake: Unexpected response code: 403 @ http://localhost:5174/node_modules/.vite/deps/@stomp_stompjs.js?v=25f1e2c3:1304
[  444616ms] [ERROR] WebSocket connection to 'ws://localhost:5174/api/ws' failed: Error during WebSocket handshake: Unexpected response code: 403 @ http://localhost:5174/node_modules/.vite/deps/@stomp_stompjs.js?v=25f1e2c3:1304
[  450205ms] [ERROR] WebSocket connection to 'ws://localhost:5174/api/ws' failed: Error during WebSocket handshake: Unexpected response code: 403 @ http://localhost:5174/node_modules/.vite/deps/@stomp_stompjs.js?v=25f1e2c3:1304
[  458194ms] [ERROR] WebSocket connection to 'ws://localhost:5174/api/ws' failed: Error during WebSocket handshake: Unexpected response code: 403 @ http://localhost:5174/node_modules/.vite/deps/@stomp_stompjs.js?v=25f1e2c3:1304
[  466180ms] [ERROR] WebSocket connection to 'ws://localhost:5174/api/ws' failed: Error during WebSocket handshake: Unexpected response code: 403 @ http://localhost:5174/node_modules/.vite/deps/@stomp_stompjs.js?v=25f1e2c3:1304
[  476034ms] [ERROR] WebSocket connection to 'ws://localhost:5174/api/ws' failed: Connection closed before receiving a handshake response @ http://localhost:5174/node_modules/.vite/deps/@stomp_stompjs.js?v=25f1e2c3:1304
[  482089ms] [ERROR] WebSocket connection to 'ws://localhost:5174/api/ws' failed: Connection closed before receiving a handshake response @ http://localhost:5174/node_modules/.vite/deps/@stomp_stompjs.js?v=25f1e2c3:1304
[  491486ms] [ERROR] WebSocket connection to 'ws://localhost:5174/api/ws' failed: Connection closed before receiving a handshake response @ http://localhost:5174/node_modules/.vite/deps/@stomp_stompjs.js?v=25f1e2c3:1304
[  496494ms] [ERROR] WebSocket connection to 'ws://localhost:5174/api/ws' failed: Error during WebSocket handshake: Unexpected response code: 403 @ http://localhost:5174/node_modules/.vite/deps/@stomp_stompjs.js?v=25f1e2c3:1304
[  501507ms] [ERROR] WebSocket connection to 'ws://localhost:5174/api/ws' failed: Error during WebSocket handshake: Unexpected response code: 403 @ http://localhost:5174/node_modules/.vite/deps/@stomp_stompjs.js?v=25f1e2c3:1304
[  506517ms] [ERROR] WebSocket connection to 'ws://localhost:5174/api/ws' failed: Error during WebSocket handshake: Unexpected response code: 403 @ http://localhost:5174/node_modules/.vite/deps/@stomp_stompjs.js?v=25f1e2c3:1304
[  511530ms] [ERROR] WebSocket connection to 'ws://localhost:5174/api/ws' failed: Error during WebSocket handshake: Unexpected response code: 403 @ http://localhost:5174/node_modules/.vite/deps/@stomp_stompjs.js?v=25f1e2c3:1304
[  516548ms] [ERROR] WebSocket connection to 'ws://localhost:5174/api/ws' failed: Error during WebSocket handshake: Unexpected response code: 403 @ http://localhost:5174/node_modules/.vite/deps/@stomp_stompjs.js?v=25f1e2c3:1304
[  521561ms] [ERROR] WebSocket connection to 'ws://localhost:5174/api/ws' failed: Error during WebSocket handshake: Unexpected response code: 403 @ http://localhost:5174/node_modules/.vite/deps/@stomp_stompjs.js?v=25f1e2c3:1304
[  526577ms] [ERROR] WebSocket connection to 'ws://localhost:5174/api/ws' failed: Error during WebSocket handshake: Unexpected response code: 403 @ http://localhost:5174/node_modules/.vite/deps/@stomp_stompjs.js?v=25f1e2c3:1304
[  531596ms] [ERROR] WebSocket connection to 'ws://localhost:5174/api/ws' failed: Error during WebSocket handshake: Unexpected response code: 403 @ http://localhost:5174/node_modules/.vite/deps/@stomp_stompjs.js?v=25f1e2c3:1304
[  536729ms] [ERROR] WebSocket connection to 'ws://localhost:5174/api/ws' failed: Error during WebSocket handshake: Unexpected response code: 403 @ http://localhost:5174/node_modules/.vite/deps/@stomp_stompjs.js?v=25f1e2c3:1304
[  541768ms] [ERROR] WebSocket connection to 'ws://localhost:5174/api/ws' failed: Error during WebSocket handshake: Unexpected response code: 403 @ http://localhost:5174/node_modules/.vite/deps/@stomp_stompjs.js?v=25f1e2c3:1304
[  546843ms] [ERROR] WebSocket connection to 'ws://localhost:5174/api/ws' failed: Error during WebSocket handshake: Unexpected response code: 403 @ http://localhost:5174/node_modules/.vite/deps/@stomp_stompjs.js?v=25f1e2c3:1304
[  552215ms] [ERROR] WebSocket connection to 'ws://localhost:5174/api/ws' failed: Error during WebSocket handshake: Unexpected response code: 403 @ http://localhost:5174/node_modules/.vite/deps/@stomp_stompjs.js?v=25f1e2c3:1304
[  557327ms] [ERROR] WebSocket connection to 'ws://localhost:5174/api/ws' failed: Error during WebSocket handshake: Unexpected response code: 403 @ http://localhost:5174/node_modules/.vite/deps/@stomp_stompjs.js?v=25f1e2c3:1304
[  562747ms] [ERROR] WebSocket connection to 'ws://localhost:5174/api/ws' failed: Error during WebSocket handshake: Unexpected response code: 403 @ http://localhost:5174/node_modules/.vite/deps/@stomp_stompjs.js?v=25f1e2c3:1304
[  568724ms] [ERROR] WebSocket connection to 'ws://localhost:5174/api/ws' failed: Error during WebSocket handshake: Unexpected response code: 403 @ http://localhost:5174/node_modules/.vite/deps/@stomp_stompjs.js?v=25f1e2c3:1304
[  575885ms] [ERROR] WebSocket connection to 'ws://localhost:5174/api/ws' failed: Connection closed before receiving a handshake response @ http://localhost:5174/node_modules/.vite/deps/@stomp_stompjs.js?v=25f1e2c3:1304
[  585011ms] [ERROR] WebSocket connection to 'ws://localhost:5174/api/ws' failed: Connection closed before receiving a handshake response @ http://localhost:5174/node_modules/.vite/deps/@stomp_stompjs.js?v=25f1e2c3:1304
[  591323ms] [ERROR] WebSocket connection to 'ws://localhost:5174/api/ws' failed: Connection closed before receiving a handshake response @ http://localhost:5174/node_modules/.vite/deps/@stomp_stompjs.js?v=25f1e2c3:1304
[  598726ms] [ERROR] WebSocket connection to 'ws://localhost:5174/api/ws' failed: Error during WebSocket handshake: Unexpected response code: 403 @ http://localhost:5174/node_modules/.vite/deps/@stomp_stompjs.js?v=25f1e2c3:1304
[  606566ms] [ERROR] WebSocket connection to 'ws://localhost:5174/api/ws' failed: Error during WebSocket handshake: Unexpected response code: 403 @ http://localhost:5174/node_modules/.vite/deps/@stomp_stompjs.js?v=25f1e2c3:1304
[  616107ms] [ERROR] WebSocket connection to 'ws://localhost:5174/api/ws' failed: Error during WebSocket handshake: Unexpected response code: 403 @ http://localhost:5174/node_modules/.vite/deps/@stomp_stompjs.js?v=25f1e2c3:1304
[  621120ms] [ERROR] WebSocket connection to 'ws://localhost:5174/api/ws' failed: Error during WebSocket handshake: Unexpected response code: 403 @ http://localhost:5174/node_modules/.vite/deps/@stomp_stompjs.js?v=25f1e2c3:1304
[  626128ms] [ERROR] WebSocket connection to 'ws://localhost:5174/api/ws' failed: Error during WebSocket handshake: Unexpected response code: 403 @ http://localhost:5174/node_modules/.vite/deps/@stomp_stompjs.js?v=25f1e2c3:1304
[  631135ms] [ERROR] WebSocket connection to 'ws://localhost:5174/api/ws' failed: Error during WebSocket handshake: Unexpected response code: 403 @ http://localhost:5174/node_modules/.vite/deps/@stomp_stompjs.js?v=25f1e2c3:1304
